<!DOCTYPE html>
<html>
<head>
<meta http-equiv="Content-Type" content="text/html; charset=utf-8"/>
<meta http-equiv="x-ua-compatible" content="IE=edge"/>
<title>Test results - Class Searching for directions</title>
<link href="../css/base-style.css" rel="stylesheet" type="text/css"/>
<link href="../css/style.css" rel="stylesheet" type="text/css"/>
<script src="../js/report.js" type="text/javascript"></script>
</head>
<body>
<div id="content">
<h1>Class Searching for directions</h1>
<div class="breadcrumbs">
<a href="../index.html">all</a> &gt; 
<a href="../packages/default-package.html">default-package</a> &gt; Searching for directions</div>
<div id="summary">
<table>
<tr>
<td>
<div class="summaryGroup">
<table>
<tr>
<td>
<div class="infoBox" id="tests">
<div class="counter">1</div>
<p>tests</p>
</div>
</td>
<td>
<div class="infoBox" id="failures">
<div class="counter">1</div>
<p>failures</p>
</div>
</td>
<td>
<div class="infoBox" id="ignored">
<div class="counter">0</div>
<p>ignored</p>
</div>
</td>
<td>
<div class="infoBox" id="duration">
<div class="counter">19.006s</div>
<p>duration</p>
</div>
</td>
</tr>
</table>
</div>
</td>
<td>
<div class="infoBox failures" id="successRate">
<div class="percent">0%</div>
<p>successful</p>
</div>
</td>
</tr>
</table>
</div>
<div id="tabs">
<ul class="tabLinks">
<li>
<a href="#tab0">Failed tests</a>
</li>
<li>
<a href="#tab1">Tests</a>
</li>
<li>
<a href="#tab2">Standard output</a>
</li>
<li>
<a href="#tab3">Standard error</a>
</li>
</ul>
<div id="tab0" class="tab">
<h2>Failed tests</h2>
<div class="test">
<a name="Search between cities"></a>
<h3 class="failures">Search between cities</h3>
<span class="code">
<pre>java.lang.AssertionError: 
Expecting:
 &lt;&quot;11 min&quot;&gt;
to be equal to:
 &lt;&quot;12 min&quot;&gt;
ignoring case considerations
	at com.discover.test.search.steps.SearchDirectionsStepDef.durationShouldMatchBetweenUIAndAPI(SearchDirectionsStepDef.java:46)
	at âœ½.duration should match between UI and API(src/test/resources/features/search/search_directions.feature:9)
</pre>
</span>
</div>
</div>
<div id="tab1" class="tab">
<h2>Tests</h2>
<table>
<thead>
<tr>
<th>Test</th>
<th>Duration</th>
<th>Result</th>
</tr>
</thead>
<tr>
<td class="failures">Search between cities</td>
<td>19.006s</td>
<td class="failures">failed</td>
</tr>
</table>
</div>
<div id="tab2" class="tab">
<h2>Standard output</h2>
<span class="code">
<pre>Source: San Francisco, CA 94102, dest: San Francisco, CA 94104

~~~~~~~~~~~~~~
API
~~~~~~~~~~~~~~
Request method:	GET
Request URI:	https://maps.googleapis.com/maps/api/directions/json?origin=San%20Francisco%2C%20CA%2094102&amp;destination=San%20Francisco%2C%20CA%2094104&amp;mode=driving&amp;key=AIzaSyAgjso1HIA3qRNToDEeb4PciZDPPXID_4g
Proxy:			&lt;none&gt;
Request params:	&lt;none&gt;
Query params:	origin=San Francisco, CA 94102
				destination=San Francisco, CA 94104
				mode=driving
				key=AIzaSyAgjso1HIA3qRNToDEeb4PciZDPPXID_4g
Form params:	&lt;none&gt;
Path params:	&lt;none&gt;
Multiparts:		&lt;none&gt;
Headers:		Accept=*/*
Cookies:		&lt;none&gt;
Body:			&lt;none&gt;
API - First directions result duration: 11 min
API - First directions result distance: 1.9 mi

~~~~~~~~~~~~~~
UI
~~~~~~~~~~~~~~
UI - First directions result duration: 12 min
UI - First directions result distance: 1.9 mi

~~~~~~~~~~~~~~
Distance Match
~~~~~~~~~~~~~~

~~~~~~~~~~~~~~
Duration Match
~~~~~~~~~~~~~~
</pre>
</span>
</div>
<div id="tab3" class="tab">
<h2>Standard error</h2>
<span class="code">
<pre>Starting ChromeDriver 2.33.506120 (e3e53437346286c0bc2d2dc9aa4915ba81d9023f) on port 20343
Only local connections are allowed.
Nov 30, 2017 10:31:45 PM org.openqa.selenium.remote.ProtocolHandshake createSession
INFO: Detected dialect: OSS
[Test worker] ERROR net.serenitybdd.core.Serenity - 
           __  _____ _____ ____ _____   _____ _    ___ _     _____ ____  
  _       / / |_   _| ____/ ___|_   _| |  ___/ \  |_ _| |   | ____|  _ \ 
 (_)_____| |    | | |  _| \___ \ | |   | |_ / _ \  | || |   |  _| | | | |
  _|_____| |    | | | |___ ___) || |   |  _/ ___ \ | || |___| |___| |_| |
 (_)     | |    |_| |_____|____/ |_|   |_|/_/   \_\___|_____|_____|____/ 
          \_\                                                            

TEST FAILED: Search between cities
--------------------------------------------------------------------------
[Test worker] ERROR net.serenitybdd.core.Serenity - TEST FAILED AT STEP And duration should match between UI and API
[Test worker] ERROR net.serenitybdd.core.Serenity - Expecting: &lt;&quot;11 min&quot;&gt;to be equal to: &lt;&quot;12 min&quot;&gt;ignoring case considerations
</pre>
</span>
</div>
</div>
<div id="footer">
<p>
<div>
<label class="hidden" id="label-for-line-wrapping-toggle" for="line-wrapping-toggle">Wrap lines
<input id="line-wrapping-toggle" type="checkbox" autocomplete="off"/>
</label>
</div>Generated by 
<a href="http://www.gradle.org">Gradle 3.5-rc-2</a> at Nov 30, 2017 10:31:57 PM</p>
</div>
</div>
</body>
</html>
